# JRE version: OpenJDK Runtime Environment (8.0_242-b01) (build 1.8.0_242-release-1644-b01)
# Java VM: OpenJDK 64-Bit Server VM (25.242-b01 mixed mode windows-amd64 compressed oops)
Heap:
 PSYoungGen      total 511488K, used 338636K [0x00000000d5580000, 0x00000000fc380000, 0x0000000100000000)
  eden space 436224K, 74% used [0x00000000d5580000,0x00000000e90ce7a0,0x00000000eff80000)
  from space 75264K, 20% used [0x00000000eff80000,0x00000000f0ee49a8,0x00000000f4900000)
  to   space 73216K, 0% used [0x00000000f7c00000,0x00000000f7c00000,0x00000000fc380000)
 ParOldGen       total 186880K, used 80099K [0x0000000080000000, 0x000000008b680000, 0x00000000d5580000)
  object space 186880K, 42% used [0x0000000080000000,0x0000000084e38fa0,0x000000008b680000)
 Metaspace       used 112949K, capacity 120814K, committed 121264K, reserved 1155072K
  class space    used 14501K, capacity 15893K, committed 16048K, reserved 1048576K
GC Heap History (10 events):
Event: 4416.420 GC heap before
{Heap before GC invocations=42 (full 4):
 PSYoungGen      total 409088K, used 354240K [0x00000000d5580000, 0x00000000f6800000, 0x0000000100000000)
  eden space 325120K, 100% used [0x00000000d5580000,0x00000000e9300000,0x00000000e9300000)
  from space 83968K, 34% used [0x00000000e9300000,0x00000000eaf70008,0x00000000ee500000)
  to   space 80384K, 0% used [0x00000000f1980000,0x00000000f1980000,0x00000000f6800000)
 ParOldGen       total 141824K, used 112820K [0x0000000080000000, 0x0000000088a80000, 0x00000000d5580000)
  object space 141824K, 79% used [0x0000000080000000,0x0000000086e2d1a8,0x0000000088a80000)
 Metaspace       used 113008K, capacity 121078K, committed 121264K, reserved 1155072K
  class space    used 14531K, capacity 15971K, committed 16048K, reserved 1048576K
Event: 4416.473 GC heap after
Heap after GC invocations=42 (full 4):
 PSYoungGen      total 453632K, used 15698K [0x00000000d5580000, 0x00000000f6200000, 0x0000000100000000)
  eden space 379392K, 0% used [0x00000000d5580000,0x00000000d5580000,0x00000000ec800000)
  from space 74240K, 21% used [0x00000000f1980000,0x00000000f28d4a20,0x00000000f6200000)
  to   space 78848K, 0% used [0x00000000ec800000,0x00000000ec800000,0x00000000f1500000)
 ParOldGen       total 141824K, used 122914K [0x0000000080000000, 0x0000000088a80000, 0x00000000d5580000)
  object space 141824K, 86% used [0x0000000080000000,0x0000000087808a08,0x0000000088a80000)
 Metaspace       used 113008K, capacity 121078K, committed 121264K, reserved 1155072K
  class space    used 14531K, capacity 15971K, committed 16048K, reserved 1048576K
}
Event: 4416.474 GC heap before
{Heap before GC invocations=43 (full 5):
 PSYoungGen      total 453632K, used 15698K [0x00000000d5580000, 0x00000000f6200000, 0x0000000100000000)
  eden space 379392K, 0% used [0x00000000d5580000,0x00000000d5580000,0x00000000ec800000)
  from space 74240K, 21% used [0x00000000f1980000,0x00000000f28d4a20,0x00000000f6200000)
  to   space 78848K, 0% used [0x00000000ec800000,0x00000000ec800000,0x00000000f1500000)
 ParOldGen       total 141824K, used 122914K [0x0000000080000000, 0x0000000088a80000, 0x00000000d5580000)
  object space 141824K, 86% used [0x0000000080000000,0x0000000087808a08,0x0000000088a80000)
 Metaspace       used 113008K, capacity 121078K, committed 121264K, reserved 1155072K
  class space    used 14531K, capacity 15971K, committed 16048K, reserved 1048576K
Event: 4419.374 GC heap after
Heap after GC invocations=43 (full 5):
 PSYoungGen      total 453632K, used 0K [0x00000000d5580000, 0x00000000f6200000, 0x0000000100000000)
  eden space 379392K, 0% used [0x00000000d5580000,0x00000000d5580000,0x00000000ec800000)
  from space 74240K, 0% used [0x00000000f1980000,0x00000000f1980000,0x00000000f6200000)
  to   space 78848K, 0% used [0x00000000ec800000,0x00000000ec800000,0x00000000f1500000)
 ParOldGen       total 186880K, used 80099K [0x0000000080000000, 0x000000008b680000, 0x00000000d5580000)
  object space 186880K, 42% used [0x0000000080000000,0x0000000084e38fa0,0x000000008b680000)
 Metaspace       used 112906K, capacity 120778K, committed 121264K, reserved 1155072K
  class space    used 14499K, capacity 15891K, committed 16048K, reserved 1048576K
}
Event: 4421.570 GC heap before
{Heap before GC invocations=44 (full 5):
 PSYoungGen      total 453632K, used 379392K [0x00000000d5580000, 0x00000000f6200000, 0x0000000100000000)
  eden space 379392K, 100% used [0x00000000d5580000,0x00000000ec800000,0x00000000ec800000)
  from space 74240K, 0% used [0x00000000f1980000,0x00000000f1980000,0x00000000f6200000)
  to   space 78848K, 0% used [0x00000000ec800000,0x00000000ec800000,0x00000000f1500000)
 ParOldGen       total 186880K, used 80099K [0x0000000080000000, 0x000000008b680000, 0x00000000d5580000)
  object space 186880K, 42% used [0x0000000080000000,0x0000000084e38fa0,0x000000008b680000)
 Metaspace       used 112908K, capacity 120782K, committed 121264K, reserved 1155072K
  class space    used 14499K, capacity 15891K, committed 16048K, reserved 1048576K
Event: 4421.598 GC heap after
Heap after GC invocations=44 (full 5):
 PSYoungGen      total 458240K, used 16036K [0x00000000d5580000, 0x00000000f9880000, 0x0000000100000000)
  eden space 379392K, 0% used [0x00000000d5580000,0x00000000d5580000,0x00000000ec800000)
  from space 78848K, 20% used [0x00000000ec800000,0x00000000ed7a90d0,0x00000000f1500000)
  to   space 77312K, 0% used [0x00000000f4d00000,0x00000000f4d00000,0x00000000f9880000)
 ParOldGen       total 186880K, used 80099K [0x0000000080000000, 0x000000008b680000, 0x00000000d5580000)
  object space 186880K, 42% used [0x0000000080000000,0x0000000084e38fa0,0x000000008b680000)
 Metaspace       used 112908K, capacity 120782K, committed 121264K, reserved 1155072K
  class space    used 14499K, capacity 15891K, committed 16048K, reserved 1048576K
}
Event: 4423.502 GC heap before
{Heap before GC invocations=45 (full 5):
 PSYoungGen      total 458240K, used 395428K [0x00000000d5580000, 0x00000000f9880000, 0x0000000100000000)
  eden space 379392K, 100% used [0x00000000d5580000,0x00000000ec800000,0x00000000ec800000)
  from space 78848K, 20% used [0x00000000ec800000,0x00000000ed7a90d0,0x00000000f1500000)
  to   space 77312K, 0% used [0x00000000f4d00000,0x00000000f4d00000,0x00000000f9880000)
 ParOldGen       total 186880K, used 80099K [0x0000000080000000, 0x000000008b680000, 0x00000000d5580000)
  object space 186880K, 42% used [0x0000000080000000,0x0000000084e38fa0,0x000000008b680000)
 Metaspace       used 112916K, capacity 120796K, committed 121264K, reserved 1155072K
  class space    used 14499K, capacity 15892K, committed 16048K, reserved 1048576K
Event: 4423.554 GC heap after
Heap after GC invocations=45 (full 5):
 PSYoungGen      total 507392K, used 17290K [0x00000000d5580000, 0x00000000f9280000, 0x0000000100000000)
  eden space 436224K, 0% used [0x00000000d5580000,0x00000000d5580000,0x00000000eff80000)
  from space 71168K, 24% used [0x00000000f4d00000,0x00000000f5de2ba8,0x00000000f9280000)
  to   space 75264K, 0% used [0x00000000eff80000,0x00000000eff80000,0x00000000f4900000)
 ParOldGen       total 186880K, used 80099K [0x0000000080000000, 0x000000008b680000, 0x00000000d5580000)
  object space 186880K, 42% used [0x0000000080000000,0x0000000084e38fa0,0x000000008b680000)
 Metaspace       used 112916K, capacity 120796K, committed 121264K, reserved 1155072K
  class space    used 14499K, capacity 15892K, committed 16048K, reserved 1048576K
}
Event: 4425.821 GC heap before
{Heap before GC invocations=46 (full 5):
 PSYoungGen      total 507392K, used 453514K [0x00000000d5580000, 0x00000000f9280000, 0x0000000100000000)
  eden space 436224K, 100% used [0x00000000d5580000,0x00000000eff80000,0x00000000eff80000)
  from space 71168K, 24% used [0x00000000f4d00000,0x00000000f5de2ba8,0x00000000f9280000)
  to   space 75264K, 0% used [0x00000000eff80000,0x00000000eff80000,0x00000000f4900000)
 ParOldGen       total 186880K, used 80099K [0x0000000080000000, 0x000000008b680000, 0x00000000d5580000)
  object space 186880K, 42% used [0x0000000080000000,0x0000000084e38fa0,0x000000008b680000)
 Metaspace       used 112932K, capacity 120810K, committed 121264K, reserved 1155072K
  class space    used 14500K, capacity 15893K, committed 16048K, reserved 1048576K
Event: 4425.861 GC heap after
Heap after GC invocations=46 (full 5):
 PSYoungGen      total 511488K, used 15762K [0x00000000d5580000, 0x00000000fc380000, 0x0000000100000000)
  eden space 436224K, 0% used [0x00000000d5580000,0x00000000d5580000,0x00000000eff80000)
  from space 75264K, 20% used [0x00000000eff80000,0x00000000f0ee49a8,0x00000000f4900000)
  to   space 73216K, 0% used [0x00000000f7c00000,0x00000000f7c00000,0x00000000fc380000)
 ParOldGen       total 186880K, used 80099K [0x0000000080000000, 0x000000008b680000, 0x00000000d5580000)
  object space 186880K, 42% used [0x0000000080000000,0x0000000084e38fa0,0x000000008b680000)
 Metaspace       used 112932K, capacity 120810K, committed 121264K, reserved 1155072K
  class space    used 14500K, capacity 15893K, committed 16048K, reserved 1048576K
}

