# JRE version: OpenJDK Runtime Environment (8.0_242-b01) (build 1.8.0_242-release-1644-b01)
# Java VM: OpenJDK 64-Bit Server VM (25.242-b01 mixed mode windows-amd64 compressed oops)
Heap:
 PSYoungGen      total 467968K, used 170788K [0x00000000d5580000, 0x00000000f8480000, 0x0000000100000000)
  eden space 432128K, 39% used [0x00000000d5580000,0x00000000dfc49378,0x00000000efb80000)
  from space 35840K, 0% used [0x00000000efb80000,0x00000000efb80000,0x00000000f1e80000)
  to   space 36352K, 0% used [0x00000000f6100000,0x00000000f6100000,0x00000000f8480000)
 ParOldGen       total 143360K, used 73437K [0x0000000080000000, 0x0000000088c00000, 0x00000000d5580000)
  object space 143360K, 51% used [0x0000000080000000,0x00000000847b74f0,0x0000000088c00000)
 Metaspace       used 103298K, capacity 107596K, committed 107944K, reserved 1142784K
  class space    used 13254K, capacity 14141K, committed 14248K, reserved 1048576K
GC Heap History (10 events):
Event: 6013.004 GC heap before
{Heap before GC invocations=18 (full 3):
 PSYoungGen      total 378368K, used 378113K [0x00000000d5580000, 0x00000000eea00000, 0x0000000100000000)
  eden space 354304K, 100% used [0x00000000d5580000,0x00000000eaf80000,0x00000000eaf80000)
  from space 24064K, 98% used [0x00000000ed280000,0x00000000ee9c0668,0x00000000eea00000)
  to   space 28160K, 0% used [0x00000000eb300000,0x00000000eb300000,0x00000000ece80000)
 ParOldGen       total 74752K, used 60470K [0x0000000080000000, 0x0000000084900000, 0x00000000d5580000)
  object space 74752K, 80% used [0x0000000080000000,0x0000000083b0d9a8,0x0000000084900000)
 Metaspace       used 86891K, capacity 90994K, committed 91048K, reserved 1128448K
  class space    used 11287K, capacity 12161K, committed 12200K, reserved 1048576K
Event: 6013.300 GC heap after
Heap after GC invocations=18 (full 3):
 PSYoungGen      total 386048K, used 10225K [0x00000000d5580000, 0x00000000f3880000, 0x0000000100000000)
  eden space 357888K, 0% used [0x00000000d5580000,0x00000000d5580000,0x00000000eb300000)
  from space 28160K, 36% used [0x00000000eb300000,0x00000000ebcfc498,0x00000000ece80000)
  to   space 26624K, 0% used [0x00000000f1e80000,0x00000000f1e80000,0x00000000f3880000)
 ParOldGen       total 74752K, used 69291K [0x0000000080000000, 0x0000000084900000, 0x00000000d5580000)
  object space 74752K, 92% used [0x0000000080000000,0x00000000843aaea8,0x0000000084900000)
 Metaspace       used 86891K, capacity 90994K, committed 91048K, reserved 1128448K
  class space    used 11287K, capacity 12161K, committed 12200K, reserved 1048576K
}
Event: 6013.301 GC heap before
{Heap before GC invocations=19 (full 4):
 PSYoungGen      total 386048K, used 10225K [0x00000000d5580000, 0x00000000f3880000, 0x0000000100000000)
  eden space 357888K, 0% used [0x00000000d5580000,0x00000000d5580000,0x00000000eb300000)
  from space 28160K, 36% used [0x00000000eb300000,0x00000000ebcfc498,0x00000000ece80000)
  to   space 26624K, 0% used [0x00000000f1e80000,0x00000000f1e80000,0x00000000f3880000)
 ParOldGen       total 74752K, used 69291K [0x0000000080000000, 0x0000000084900000, 0x00000000d5580000)
  object space 74752K, 92% used [0x0000000080000000,0x00000000843aaea8,0x0000000084900000)
 Metaspace       used 86891K, capacity 90994K, committed 91048K, reserved 1128448K
  class space    used 11287K, capacity 12161K, committed 12200K, reserved 1048576K
Event: 6014.156 GC heap after
Heap after GC invocations=19 (full 4):
 PSYoungGen      total 386048K, used 0K [0x00000000d5580000, 0x00000000f3880000, 0x0000000100000000)
  eden space 357888K, 0% used [0x00000000d5580000,0x00000000d5580000,0x00000000eb300000)
  from space 28160K, 0% used [0x00000000eb300000,0x00000000eb300000,0x00000000ece80000)
  to   space 26624K, 0% used [0x00000000f1e80000,0x00000000f1e80000,0x00000000f3880000)
 ParOldGen       total 99840K, used 47451K [0x0000000080000000, 0x0000000086180000, 0x00000000d5580000)
  object space 99840K, 47% used [0x0000000080000000,0x0000000082e56c10,0x0000000086180000)
 Metaspace       used 85657K, capacity 88648K, committed 91048K, reserved 1128448K
  class space    used 11027K, capacity 11689K, committed 12200K, reserved 1048576K
}
Event: 7064.176 GC heap before
{Heap before GC invocations=20 (full 4):
 PSYoungGen      total 386048K, used 357888K [0x00000000d5580000, 0x00000000f3880000, 0x0000000100000000)
  eden space 357888K, 100% used [0x00000000d5580000,0x00000000eb300000,0x00000000eb300000)
  from space 28160K, 0% used [0x00000000eb300000,0x00000000eb300000,0x00000000ece80000)
  to   space 26624K, 0% used [0x00000000f1e80000,0x00000000f1e80000,0x00000000f3880000)
 ParOldGen       total 99840K, used 47451K [0x0000000080000000, 0x0000000086180000, 0x00000000d5580000)
  object space 99840K, 47% used [0x0000000080000000,0x0000000082e56c10,0x0000000086180000)
 Metaspace       used 89954K, capacity 93704K, committed 94120K, reserved 1130496K
  class space    used 11563K, capacity 12316K, committed 12456K, reserved 1048576K
Event: 7065.384 GC heap after
Heap after GC invocations=20 (full 4):
 PSYoungGen      total 458752K, used 26600K [0x00000000d5580000, 0x00000000f5000000, 0x0000000100000000)
  eden space 432128K, 0% used [0x00000000d5580000,0x00000000d5580000,0x00000000efb80000)
  from space 26624K, 99% used [0x00000000f1e80000,0x00000000f387a050,0x00000000f3880000)
  to   space 35840K, 0% used [0x00000000efb80000,0x00000000efb80000,0x00000000f1e80000)
 ParOldGen       total 99840K, used 60612K [0x0000000080000000, 0x0000000086180000, 0x00000000d5580000)
  object space 99840K, 60% used [0x0000000080000000,0x0000000083b311a8,0x0000000086180000)
 Metaspace       used 89954K, capacity 93704K, committed 94120K, reserved 1130496K
  class space    used 11563K, capacity 12316K, committed 12456K, reserved 1048576K
}
Event: 7087.989 GC heap before
{Heap before GC invocations=21 (full 4):
 PSYoungGen      total 458752K, used 458728K [0x00000000d5580000, 0x00000000f5000000, 0x0000000100000000)
  eden space 432128K, 100% used [0x00000000d5580000,0x00000000efb80000,0x00000000efb80000)
  from space 26624K, 99% used [0x00000000f1e80000,0x00000000f387a050,0x00000000f3880000)
  to   space 35840K, 0% used [0x00000000efb80000,0x00000000efb80000,0x00000000f1e80000)
 ParOldGen       total 99840K, used 60612K [0x0000000080000000, 0x0000000086180000, 0x00000000d5580000)
  object space 99840K, 60% used [0x0000000080000000,0x0000000083b311a8,0x0000000086180000)
 Metaspace       used 98209K, capacity 102360K, committed 102568K, reserved 1138688K
  class space    used 12522K, capacity 13412K, committed 13480K, reserved 1048576K
Event: 7088.215 GC heap after
Heap after GC invocations=21 (full 4):
 PSYoungGen      total 467968K, used 21183K [0x00000000d5580000, 0x00000000f8480000, 0x0000000100000000)
  eden space 432128K, 0% used [0x00000000d5580000,0x00000000d5580000,0x00000000efb80000)
  from space 35840K, 59% used [0x00000000efb80000,0x00000000f102feb8,0x00000000f1e80000)
  to   space 36352K, 0% used [0x00000000f6100000,0x00000000f6100000,0x00000000f8480000)
 ParOldGen       total 99840K, used 86936K [0x0000000080000000, 0x0000000086180000, 0x00000000d5580000)
  object space 99840K, 87% used [0x0000000080000000,0x00000000854e6048,0x0000000086180000)
 Metaspace       used 98209K, capacity 102360K, committed 102568K, reserved 1138688K
  class space    used 12522K, capacity 13412K, committed 13480K, reserved 1048576K
}
Event: 7088.216 GC heap before
{Heap before GC invocations=22 (full 5):
 PSYoungGen      total 467968K, used 21183K [0x00000000d5580000, 0x00000000f8480000, 0x0000000100000000)
  eden space 432128K, 0% used [0x00000000d5580000,0x00000000d5580000,0x00000000efb80000)
  from space 35840K, 59% used [0x00000000efb80000,0x00000000f102feb8,0x00000000f1e80000)
  to   space 36352K, 0% used [0x00000000f6100000,0x00000000f6100000,0x00000000f8480000)
 ParOldGen       total 99840K, used 86936K [0x0000000080000000, 0x0000000086180000, 0x00000000d5580000)
  object space 99840K, 87% used [0x0000000080000000,0x00000000854e6048,0x0000000086180000)
 Metaspace       used 98209K, capacity 102360K, committed 102568K, reserved 1138688K
  class space    used 12522K, capacity 13412K, committed 13480K, reserved 1048576K
Event: 7090.279 GC heap after
Heap after GC invocations=22 (full 5):
 PSYoungGen      total 467968K, used 0K [0x00000000d5580000, 0x00000000f8480000, 0x0000000100000000)
  eden space 432128K, 0% used [0x00000000d5580000,0x00000000d5580000,0x00000000efb80000)
  from space 35840K, 0% used [0x00000000efb80000,0x00000000efb80000,0x00000000f1e80000)
  to   space 36352K, 0% used [0x00000000f6100000,0x00000000f6100000,0x00000000f8480000)
 ParOldGen       total 143360K, used 73437K [0x0000000080000000, 0x0000000088c00000, 0x00000000d5580000)
  object space 143360K, 51% used [0x0000000080000000,0x00000000847b74f0,0x0000000088c00000)
 Metaspace       used 98076K, capacity 102018K, committed 102568K, reserved 1138688K
  class space    used 12484K, capacity 13326K, committed 13480K, reserved 1048576K
}

